<?xml version="1.0" encoding="UTF-8"?>
<testsuites name="Login and book an appointment" time="29.666" tests="3" failures="0" errors="0">
   <testsuite name="Login and book an appointment" tests="3" failures="0" errors="0" time="29.666" skipped="0" timestamp="2023-09-13 17:16:05" hostname="GAM - DESKTOP-BM22CQR" id="Test Suites/Login and book an appointment">
      <properties>
         <property name="deviceName" value=""/>
         <property name="devicePlatform" value=""/>
         <property name="logFolder" value="C:\\Users\\GAM\\git\\Katalon_Cura-Project\\Reports\\20230913_171553\\Login and book an appointment\\20230913_171553"/>
         <property name="logFiles" value="C:\\Users\\GAM\\git\\Katalon_Cura-Project\\Reports\\20230913_171553\\Login and book an appointment\\20230913_171553\\execution0.log"/>
         <property name="attachments" value=""/>
         <property name="hostName" value="GAM - DESKTOP-BM22CQR"/>
         <property name="os" value="Windows 10 64bit"/>
         <property name="katalonVersion" value="8.6.6.208"/>
         <property name="browser" value="Chrome 116.0.0.0"/>
         <property name="hostAddress" value="192.168.1.6"/>
         <property name="sessionId" value="2d33dcc6c5e2dd2d1178ae69bef49bd1"/>
         <property name="seleniumVersion" value="3.141.59"/>
         <property name="proxyInformation" value="ProxyInformation { proxyOption=NO_PROXY, proxyServerType=HTTP, username=, password=********, proxyServerAddress=, proxyServerPort=0, executionList=&quot;&quot;, isApplyToDesiredCapabilities=true }"/>
         <property name="platform" value="Windows 10"/>
      </properties>
      <testcase name="Test Cases/Reuse test cases/RT001_Login for appointment" time="15.005" classname="Test Cases/Reuse test cases/RT001_Login for appointment" status="PASSED">
         <system-out><![CDATA[2023-09-13 17:16:06 - [TEST_CASE][PASSED] - Test Cases/Reuse test cases/RT001_Login for appointment: Test Cases/Reuse test cases/RT001_Login for appointment

2023-09-13 17:16:07 - [TEST_STEP][PASSED] - openBrowser(""): Browser is opened with url: ''

2023-09-13 17:16:08 - [MESSAGE][INFO] - Starting 'Chrome' driver

2023-09-13 17:16:08 - [MESSAGE][INFO] - Action delay is set to 0 milliseconds

2023-09-13 17:16:12 - [MESSAGE][PASSED] - Browser is opened with url: ''

2023-09-13 17:16:12 - [TEST_STEP][PASSED] - maximizeWindow(): Current window maximized

2023-09-13 17:16:12 - [MESSAGE][PASSED] - Current window maximized

2023-09-13 17:16:12 - [TEST_STEP][PASSED] - navigateToUrl("https://katalon-demo-cura.herokuapp.com/"): Navigate to 'https://katalon-demo-cura.herokuapp.com/' successfully

2023-09-13 17:16:16 - [MESSAGE][PASSED] - Navigate to 'https://katalon-demo-cura.herokuapp.com/' successfully

2023-09-13 17:16:16 - [TEST_STEP][PASSED] - click(findTestObject("Object Repository/Login and appointment/Page_CURA Healthcare Service/a_Make Appointment")): Object: 'Object Repository/Login and appointment/Page_CURA Healthcare Service/a_Make Appointment' is clicked on

2023-09-13 17:16:17 - [MESSAGE][PASSED] - Object: 'Object Repository/Login and appointment/Page_CURA Healthcare Service/a_Make Appointment' is clicked on

2023-09-13 17:16:17 - [TEST_STEP][PASSED] - setText(findTestObject("Object Repository/Login and appointment/Page_CURA Healthcare Service/input_Username_username"), "John Doe"): Text 'John Doe' is set on object 'Object Repository/Login and appointment/Page_CURA Healthcare Service/input_Username_username'

2023-09-13 17:16:19 - [MESSAGE][PASSED] - Text 'John Doe' is set on object 'Object Repository/Login and appointment/Page_CURA Healthcare Service/input_Username_username'

2023-09-13 17:16:19 - [TEST_STEP][PASSED] - setEncryptedText(findTestObject("Object Repository/Login and appointment/Page_CURA Healthcare Service/input_Password_password"), "g3/DOGG74jC3Flrr3yH+3D/yKbOqqUNM"): Text ****** has been set on object 'Object Repository/Login and appointment/Page_CURA Healthcare Service/input_Password_password'

2023-09-13 17:16:19 - [MESSAGE][PASSED] - Text ****** has been set on object 'Object Repository/Login and appointment/Page_CURA Healthcare Service/input_Password_password'

2023-09-13 17:16:19 - [TEST_STEP][PASSED] - click(findTestObject("Object Repository/Login and appointment/Page_CURA Healthcare Service/button_Login")): Object: 'Object Repository/Login and appointment/Page_CURA Healthcare Service/button_Login' is clicked on

2023-09-13 17:16:21 - [MESSAGE][PASSED] - Object: 'Object Repository/Login and appointment/Page_CURA Healthcare Service/button_Login' is clicked on]]></system-out>
         <system-err><![CDATA[]]></system-err>
      </testcase>
      <testcase name="Test Cases/Reuse test cases/RT002_Book an appointment" time="7.887" classname="Test Cases/Reuse test cases/RT002_Book an appointment" status="PASSED">
         <system-out><![CDATA[2023-09-13 17:16:21 - [TEST_CASE][PASSED] - Test Cases/Reuse test cases/RT002_Book an appointment: Test Cases/Reuse test cases/RT002_Book an appointment

2023-09-13 17:16:22 - [TEST_STEP][PASSED] - click(findTestObject("Object Repository/Login and appointment/Page_CURA Healthcare Service/h2_Make Appointment")): Object: 'Object Repository/Login and appointment/Page_CURA Healthcare Service/h2_Make Appointment' is clicked on

2023-09-13 17:16:23 - [MESSAGE][PASSED] - Object: 'Object Repository/Login and appointment/Page_CURA Healthcare Service/h2_Make Appointment' is clicked on

2023-09-13 17:16:23 - [TEST_STEP][PASSED] - verifyElementText(findTestObject("Object Repository/Login and appointment/Page_CURA Healthcare Service/h2_Make Appointment"), "Make Appointment"): Actual text and expected text of test object 'Object Repository/Login and appointment/Page_CURA Healthcare Service/h2_Make Appointment' are matched.

2023-09-13 17:16:23 - [MESSAGE][PASSED] - Actual text and expected text of test object 'Object Repository/Login and appointment/Page_CURA Healthcare Service/h2_Make Appointment' are matched.

2023-09-13 17:16:23 - [TEST_STEP][PASSED] - selectOptionByValue(findTestObject("Object Repository/Login and appointment/Page_CURA Healthcare Service/select_Tokyo CURA Healthcare Center        _5b4107"), "Hongkong CURA Healthcare Center", true): All options with value 'Hongkong CURA Healthcare Center' are selected in object 'Object Repository/Login and appointment/Page_CURA Healthcare Service/select_Tokyo CURA Healthcare Center        _5b4107'  using regular expression

2023-09-13 17:16:25 - [MESSAGE][PASSED] - All options with value 'Hongkong CURA Healthcare Center' are selected in object 'Object Repository/Login and appointment/Page_CURA Healthcare Service/select_Tokyo CURA Healthcare Center        _5b4107'  using regular expression

2023-09-13 17:16:25 - [TEST_STEP][PASSED] - click(findTestObject("Object Repository/Login and appointment/Page_CURA Healthcare Service/label_Apply for hospital readmission")): Object: 'Object Repository/Login and appointment/Page_CURA Healthcare Service/label_Apply for hospital readmission' is clicked on

2023-09-13 17:16:25 - [MESSAGE][PASSED] - Object: 'Object Repository/Login and appointment/Page_CURA Healthcare Service/label_Apply for hospital readmission' is clicked on

2023-09-13 17:16:25 - [TEST_STEP][PASSED] - click(findTestObject("Object Repository/Login and appointment/Page_CURA Healthcare Service/label_Medicaid")): Object: 'Object Repository/Login and appointment/Page_CURA Healthcare Service/label_Medicaid' is clicked on

2023-09-13 17:16:26 - [MESSAGE][PASSED] - Object: 'Object Repository/Login and appointment/Page_CURA Healthcare Service/label_Medicaid' is clicked on

2023-09-13 17:16:26 - [TEST_STEP][PASSED] - click(findTestObject("Object Repository/Login and appointment/Page_CURA Healthcare Service/span_Visit Date (Required)_glyphicon glyphi_cada34")): Object: 'Object Repository/Login and appointment/Page_CURA Healthcare Service/span_Visit Date (Required)_glyphicon glyphi_cada34' is clicked on

2023-09-13 17:16:26 - [MESSAGE][PASSED] - Object: 'Object Repository/Login and appointment/Page_CURA Healthcare Service/span_Visit Date (Required)_glyphicon glyphi_cada34' is clicked on

2023-09-13 17:16:26 - [TEST_STEP][PASSED] - click(findTestObject("Object Repository/Login and appointment/Page_CURA Healthcare Service/td_19")): Object: 'Object Repository/Login and appointment/Page_CURA Healthcare Service/td_19' is clicked on

2023-09-13 17:16:27 - [MESSAGE][PASSED] - Object: 'Object Repository/Login and appointment/Page_CURA Healthcare Service/td_19' is clicked on

2023-09-13 17:16:27 - [TEST_STEP][PASSED] - setText(findTestObject("Object Repository/Login and appointment/Page_CURA Healthcare Service/textarea_Comment_comment"), "Please provide the appointment ASAP"): Text 'Please provide the appointment ASAP' is set on object 'Object Repository/Login and appointment/Page_CURA Healthcare Service/textarea_Comment_comment'

2023-09-13 17:16:28 - [MESSAGE][PASSED] - Text 'Please provide the appointment ASAP' is set on object 'Object Repository/Login and appointment/Page_CURA Healthcare Service/textarea_Comment_comment'

2023-09-13 17:16:28 - [TEST_STEP][PASSED] - click(findTestObject("Object Repository/Login and appointment/Page_CURA Healthcare Service/button_Book Appointment")): Object: 'Object Repository/Login and appointment/Page_CURA Healthcare Service/button_Book Appointment' is clicked on

2023-09-13 17:16:29 - [MESSAGE][PASSED] - Object: 'Object Repository/Login and appointment/Page_CURA Healthcare Service/button_Book Appointment' is clicked on]]></system-out>
         <system-err><![CDATA[]]></system-err>
      </testcase>
      <testcase name="Test Cases/Reuse test cases/RT003_Logout of the application" time="6.057" classname="Test Cases/Reuse test cases/RT003_Logout of the application" status="PASSED">
         <system-out><![CDATA[2023-09-13 17:16:29 - [TEST_CASE][PASSED] - Test Cases/Reuse test cases/RT003_Logout of the application: Test Cases/Reuse test cases/RT003_Logout of the application

2023-09-13 17:16:30 - [TEST_STEP][PASSED] - click(findTestObject("Object Repository/Login and appointment/Page_CURA Healthcare Service/h2_Appointment Confirmation")): Object: 'Object Repository/Login and appointment/Page_CURA Healthcare Service/h2_Appointment Confirmation' is clicked on

2023-09-13 17:16:30 - [MESSAGE][PASSED] - Object: 'Object Repository/Login and appointment/Page_CURA Healthcare Service/h2_Appointment Confirmation' is clicked on

2023-09-13 17:16:30 - [TEST_STEP][PASSED] - verifyElementText(findTestObject("Object Repository/Login and appointment/Page_CURA Healthcare Service/h2_Appointment Confirmation"), "Appointment Confirmation"): Actual text and expected text of test object 'Object Repository/Login and appointment/Page_CURA Healthcare Service/h2_Appointment Confirmation' are matched.

2023-09-13 17:16:31 - [MESSAGE][PASSED] - Actual text and expected text of test object 'Object Repository/Login and appointment/Page_CURA Healthcare Service/h2_Appointment Confirmation' are matched.

2023-09-13 17:16:31 - [TEST_STEP][PASSED] - click(findTestObject("Object Repository/Login and appointment/Page_CURA Healthcare Service/a_Go to Homepage")): Object: 'Object Repository/Login and appointment/Page_CURA Healthcare Service/a_Go to Homepage' is clicked on

2023-09-13 17:16:32 - [MESSAGE][PASSED] - Object: 'Object Repository/Login and appointment/Page_CURA Healthcare Service/a_Go to Homepage' is clicked on

2023-09-13 17:16:32 - [TEST_STEP][PASSED] - click(findTestObject("Object Repository/Login and appointment/Page_CURA Healthcare Service/a_CURA Healthcare_menu-toggle")): Object: 'Object Repository/Login and appointment/Page_CURA Healthcare Service/a_CURA Healthcare_menu-toggle' is clicked on

2023-09-13 17:16:33 - [MESSAGE][PASSED] - Object: 'Object Repository/Login and appointment/Page_CURA Healthcare Service/a_CURA Healthcare_menu-toggle' is clicked on

2023-09-13 17:16:33 - [TEST_STEP][PASSED] - click(findTestObject("Object Repository/Login and appointment/Page_CURA Healthcare Service/a_Logout")): Object: 'Object Repository/Login and appointment/Page_CURA Healthcare Service/a_Logout' is clicked on

2023-09-13 17:16:34 - [MESSAGE][PASSED] - Object: 'Object Repository/Login and appointment/Page_CURA Healthcare Service/a_Logout' is clicked on

2023-09-13 17:16:34 - [TEST_STEP][PASSED] - closeBrowser(): Browser is closed

2023-09-13 17:16:35 - [MESSAGE][PASSED] - Browser is closed]]></system-out>
         <system-err><![CDATA[]]></system-err>
      </testcase>
      <system-out><![CDATA[2023-09-13 17:16:05 - [TEST_SUITE][PASSED] - Login and book an appointment: Test Cases/Reuse test cases/RT003_Logout of the application]]></system-out>
      <system-err><![CDATA[]]></system-err>
   </testsuite>
</testsuites>
